{"/home/ubuntu/test-management-system/backend/server.js": {"path":"/home/ubuntu/test-management-system/backend/server.js","statementMap":{"0":{"start":{"line":1,"column":16},"end":{"line":1,"column":34}},"1":{"start":{"line":2,"column":13},"end":{"line":2,"column":28}},"2":{"start":{"line":3,"column":0},"end":{"line":3,"column":27}},"3":{"start":{"line":5,"column":20},"end":{"line":5,"column":46}},"4":{"start":{"line":6,"column":17},"end":{"line":6,"column":79}},"5":{"start":{"line":7,"column":34},"end":{"line":7,"column":42}},"6":{"start":{"line":9,"column":12},"end":{"line":9,"column":21}},"7":{"start":{"line":10,"column":13},"end":{"line":10,"column":37}},"8":{"start":{"line":12,"column":0},"end":{"line":12,"column":16}},"9":{"start":{"line":13,"column":0},"end":{"line":13,"column":24}},"10":{"start":{"line":17,"column":14},"end":{"line":28,"column":1}},"11":{"start":{"line":18,"column":2},"end":{"line":27,"column":3}},"12":{"start":{"line":19,"column":16},"end":{"line":19,"column":19}},"13":{"start":{"line":20,"column":4},"end":{"line":22,"column":7}},"14":{"start":{"line":21,"column":6},"end":{"line":21,"column":46}},"15":{"start":{"line":23,"column":19},"end":{"line":23,"column":54}},"16":{"start":{"line":24,"column":4},"end":{"line":24,"column":25}},"17":{"start":{"line":26,"column":4},"end":{"line":26,"column":39}},"18":{"start":{"line":30,"column":0},"end":{"line":47,"column":3}},"19":{"start":{"line":31,"column":2},"end":{"line":31,"column":12}},"20":{"start":{"line":32,"column":2},"end":{"line":32,"column":79}},"21":{"start":{"line":34,"column":2},"end":{"line":43,"column":3}},"22":{"start":{"line":35,"column":4},"end":{"line":42,"column":5}},"23":{"start":{"line":36,"column":6},"end":{"line":36,"column":56}},"24":{"start":{"line":37,"column":27},"end":{"line":37,"column":91}},"25":{"start":{"line":38,"column":6},"end":{"line":38,"column":25}},"26":{"start":{"line":39,"column":6},"end":{"line":39,"column":51}},"27":{"start":{"line":41,"column":6},"end":{"line":41,"column":54}},"28":{"start":{"line":45,"column":2},"end":{"line":45,"column":55}},"29":{"start":{"line":46,"column":2},"end":{"line":46,"column":18}},"30":{"start":{"line":49,"column":0},"end":{"line":51,"column":3}},"31":{"start":{"line":50,"column":2},"end":{"line":50,"column":29}},"32":{"start":{"line":54,"column":0},"end":{"line":65,"column":3}},"33":{"start":{"line":55,"column":2},"end":{"line":64,"column":3}},"34":{"start":{"line":56,"column":64},"end":{"line":56,"column":72}},"35":{"start":{"line":57,"column":21},"end":{"line":60,"column":5}},"36":{"start":{"line":61,"column":4},"end":{"line":61,"column":59}},"37":{"start":{"line":63,"column":4},"end":{"line":63,"column":51}},"38":{"start":{"line":67,"column":0},"end":{"line":74,"column":3}},"39":{"start":{"line":68,"column":2},"end":{"line":73,"column":3}},"40":{"start":{"line":69,"column":23},"end":{"line":69,"column":60}},"41":{"start":{"line":70,"column":4},"end":{"line":70,"column":23}},"42":{"start":{"line":72,"column":4},"end":{"line":72,"column":51}},"43":{"start":{"line":76,"column":0},"end":{"line":86,"column":3}},"44":{"start":{"line":77,"column":2},"end":{"line":85,"column":3}},"45":{"start":{"line":78,"column":23},"end":{"line":78,"column":98}},"46":{"start":{"line":79,"column":4},"end":{"line":81,"column":5}},"47":{"start":{"line":80,"column":6},"end":{"line":80,"column":66}},"48":{"start":{"line":82,"column":4},"end":{"line":82,"column":26}},"49":{"start":{"line":84,"column":4},"end":{"line":84,"column":51}},"50":{"start":{"line":89,"column":0},"end":{"line":100,"column":3}},"51":{"start":{"line":90,"column":2},"end":{"line":99,"column":3}},"52":{"start":{"line":91,"column":46},"end":{"line":91,"column":54}},"53":{"start":{"line":92,"column":21},"end":{"line":95,"column":5}},"54":{"start":{"line":96,"column":4},"end":{"line":96,"column":63}},"55":{"start":{"line":98,"column":4},"end":{"line":98,"column":51}},"56":{"start":{"line":102,"column":0},"end":{"line":118,"column":3}},"57":{"start":{"line":103,"column":2},"end":{"line":117,"column":3}},"58":{"start":{"line":104,"column":27},"end":{"line":104,"column":36}},"59":{"start":{"line":105,"column":14},"end":{"line":105,"column":42}},"60":{"start":{"line":106,"column":17},"end":{"line":106,"column":19}},"61":{"start":{"line":108,"column":4},"end":{"line":111,"column":5}},"62":{"start":{"line":109,"column":6},"end":{"line":109,"column":37}},"63":{"start":{"line":110,"column":6},"end":{"line":110,"column":30}},"64":{"start":{"line":113,"column":26},"end":{"line":113,"column":50}},"65":{"start":{"line":114,"column":4},"end":{"line":114,"column":26}},"66":{"start":{"line":116,"column":4},"end":{"line":116,"column":51}},"67":{"start":{"line":121,"column":0},"end":{"line":132,"column":3}},"68":{"start":{"line":122,"column":2},"end":{"line":131,"column":3}},"69":{"start":{"line":123,"column":47},"end":{"line":123,"column":55}},"70":{"start":{"line":124,"column":21},"end":{"line":127,"column":5}},"71":{"start":{"line":128,"column":4},"end":{"line":128,"column":58}},"72":{"start":{"line":130,"column":4},"end":{"line":130,"column":51}},"73":{"start":{"line":134,"column":0},"end":{"line":141,"column":3}},"74":{"start":{"line":135,"column":2},"end":{"line":140,"column":3}},"75":{"start":{"line":136,"column":22},"end":{"line":136,"column":58}},"76":{"start":{"line":137,"column":4},"end":{"line":137,"column":22}},"77":{"start":{"line":139,"column":4},"end":{"line":139,"column":51}},"78":{"start":{"line":143,"column":0},"end":{"line":153,"column":3}},"79":{"start":{"line":144,"column":2},"end":{"line":152,"column":3}},"80":{"start":{"line":145,"column":22},"end":{"line":145,"column":95}},"81":{"start":{"line":146,"column":4},"end":{"line":148,"column":5}},"82":{"start":{"line":147,"column":6},"end":{"line":147,"column":65}},"83":{"start":{"line":149,"column":4},"end":{"line":149,"column":25}},"84":{"start":{"line":151,"column":4},"end":{"line":151,"column":51}},"85":{"start":{"line":156,"column":0},"end":{"line":168,"column":3}},"86":{"start":{"line":157,"column":2},"end":{"line":167,"column":3}},"87":{"start":{"line":158,"column":46},"end":{"line":158,"column":54}},"88":{"start":{"line":159,"column":21},"end":{"line":162,"column":5}},"89":{"start":{"line":163,"column":20},"end":{"line":163,"column":103}},"90":{"start":{"line":164,"column":4},"end":{"line":164,"column":23}},"91":{"start":{"line":166,"column":4},"end":{"line":166,"column":51}},"92":{"start":{"line":170,"column":0},"end":{"line":186,"column":3}},"93":{"start":{"line":171,"column":2},"end":{"line":185,"column":3}},"94":{"start":{"line":172,"column":27},"end":{"line":172,"column":36}},"95":{"start":{"line":173,"column":14},"end":{"line":173,"column":41}},"96":{"start":{"line":174,"column":17},"end":{"line":174,"column":19}},"97":{"start":{"line":176,"column":4},"end":{"line":179,"column":5}},"98":{"start":{"line":177,"column":6},"end":{"line":177,"column":37}},"99":{"start":{"line":178,"column":6},"end":{"line":178,"column":30}},"100":{"start":{"line":181,"column":21},"end":{"line":181,"column":45}},"101":{"start":{"line":182,"column":4},"end":{"line":182,"column":21}},"102":{"start":{"line":184,"column":4},"end":{"line":184,"column":51}},"103":{"start":{"line":189,"column":0},"end":{"line":201,"column":3}},"104":{"start":{"line":190,"column":2},"end":{"line":200,"column":3}},"105":{"start":{"line":191,"column":98},"end":{"line":191,"column":106}},"106":{"start":{"line":192,"column":21},"end":{"line":195,"column":5}},"107":{"start":{"line":196,"column":23},"end":{"line":196,"column":104}},"108":{"start":{"line":197,"column":4},"end":{"line":197,"column":26}},"109":{"start":{"line":199,"column":4},"end":{"line":199,"column":51}},"110":{"start":{"line":203,"column":0},"end":{"line":219,"column":3}},"111":{"start":{"line":204,"column":2},"end":{"line":218,"column":3}},"112":{"start":{"line":205,"column":30},"end":{"line":205,"column":39}},"113":{"start":{"line":206,"column":14},"end":{"line":206,"column":40}},"114":{"start":{"line":207,"column":17},"end":{"line":207,"column":19}},"115":{"start":{"line":209,"column":4},"end":{"line":212,"column":5}},"116":{"start":{"line":210,"column":6},"end":{"line":210,"column":40}},"117":{"start":{"line":211,"column":6},"end":{"line":211,"column":33}},"118":{"start":{"line":214,"column":24},"end":{"line":214,"column":48}},"119":{"start":{"line":215,"column":4},"end":{"line":215,"column":24}},"120":{"start":{"line":217,"column":4},"end":{"line":217,"column":51}},"121":{"start":{"line":221,"column":0},"end":{"line":231,"column":3}},"122":{"start":{"line":222,"column":2},"end":{"line":230,"column":3}},"123":{"start":{"line":223,"column":24},"end":{"line":223,"column":103}},"124":{"start":{"line":224,"column":4},"end":{"line":226,"column":5}},"125":{"start":{"line":225,"column":6},"end":{"line":225,"column":68}},"126":{"start":{"line":227,"column":4},"end":{"line":227,"column":27}},"127":{"start":{"line":229,"column":4},"end":{"line":229,"column":51}},"128":{"start":{"line":234,"column":0},"end":{"line":246,"column":3}},"129":{"start":{"line":235,"column":2},"end":{"line":245,"column":3}},"130":{"start":{"line":236,"column":55},"end":{"line":236,"column":63}},"131":{"start":{"line":237,"column":21},"end":{"line":240,"column":5}},"132":{"start":{"line":241,"column":24},"end":{"line":241,"column":110}},"133":{"start":{"line":242,"column":4},"end":{"line":242,"column":27}},"134":{"start":{"line":244,"column":4},"end":{"line":244,"column":51}},"135":{"start":{"line":248,"column":0},"end":{"line":255,"column":3}},"136":{"start":{"line":249,"column":2},"end":{"line":254,"column":3}},"137":{"start":{"line":250,"column":25},"end":{"line":250,"column":69}},"138":{"start":{"line":251,"column":4},"end":{"line":251,"column":25}},"139":{"start":{"line":253,"column":4},"end":{"line":253,"column":51}},"140":{"start":{"line":258,"column":0},"end":{"line":281,"column":3}},"141":{"start":{"line":259,"column":2},"end":{"line":280,"column":3}},"142":{"start":{"line":263,"column":8},"end":{"line":263,"column":16}},"143":{"start":{"line":265,"column":26},"end":{"line":265,"column":71}},"144":{"start":{"line":267,"column":21},"end":{"line":274,"column":5}},"145":{"start":{"line":276,"column":18},"end":{"line":276,"column":87}},"146":{"start":{"line":277,"column":4},"end":{"line":277,"column":21}},"147":{"start":{"line":279,"column":4},"end":{"line":279,"column":51}},"148":{"start":{"line":283,"column":0},"end":{"line":299,"column":3}},"149":{"start":{"line":284,"column":2},"end":{"line":298,"column":3}},"150":{"start":{"line":285,"column":27},"end":{"line":285,"column":36}},"151":{"start":{"line":286,"column":14},"end":{"line":286,"column":34}},"152":{"start":{"line":287,"column":17},"end":{"line":287,"column":19}},"153":{"start":{"line":289,"column":4},"end":{"line":292,"column":5}},"154":{"start":{"line":290,"column":6},"end":{"line":290,"column":37}},"155":{"start":{"line":291,"column":6},"end":{"line":291,"column":30}},"156":{"start":{"line":294,"column":19},"end":{"line":294,"column":43}},"157":{"start":{"line":295,"column":4},"end":{"line":295,"column":19}},"158":{"start":{"line":297,"column":4},"end":{"line":297,"column":51}},"159":{"start":{"line":301,"column":0},"end":{"line":311,"column":3}},"160":{"start":{"line":302,"column":2},"end":{"line":310,"column":3}},"161":{"start":{"line":303,"column":19},"end":{"line":303,"column":86}},"162":{"start":{"line":304,"column":4},"end":{"line":306,"column":5}},"163":{"start":{"line":305,"column":6},"end":{"line":305,"column":62}},"164":{"start":{"line":307,"column":4},"end":{"line":307,"column":22}},"165":{"start":{"line":309,"column":4},"end":{"line":309,"column":51}},"166":{"start":{"line":313,"column":0},"end":{"line":348,"column":3}},"167":{"start":{"line":314,"column":2},"end":{"line":347,"column":3}},"168":{"start":{"line":315,"column":18},"end":{"line":315,"column":31}},"169":{"start":{"line":316,"column":20},"end":{"line":316,"column":28}},"170":{"start":{"line":318,"column":19},"end":{"line":318,"column":21}},"171":{"start":{"line":319,"column":19},"end":{"line":319,"column":21}},"172":{"start":{"line":321,"column":4},"end":{"line":336,"column":5}},"173":{"start":{"line":322,"column":6},"end":{"line":335,"column":7}},"174":{"start":{"line":323,"column":8},"end":{"line":323,"column":34}},"175":{"start":{"line":324,"column":8},"end":{"line":324,"column":27}},"176":{"start":{"line":326,"column":8},"end":{"line":329,"column":9}},"177":{"start":{"line":327,"column":10},"end":{"line":327,"column":43}},"178":{"start":{"line":328,"column":10},"end":{"line":328,"column":48}},"179":{"start":{"line":331,"column":8},"end":{"line":334,"column":9}},"180":{"start":{"line":332,"column":10},"end":{"line":332,"column":45}},"181":{"start":{"line":333,"column":10},"end":{"line":333,"column":48}},"182":{"start":{"line":338,"column":4},"end":{"line":341,"column":5}},"183":{"start":{"line":339,"column":6},"end":{"line":339,"column":25}},"184":{"start":{"line":340,"column":6},"end":{"line":340,"column":83}},"185":{"start":{"line":343,"column":18},"end":{"line":343,"column":77}},"186":{"start":{"line":344,"column":4},"end":{"line":344,"column":21}},"187":{"start":{"line":346,"column":4},"end":{"line":346,"column":51}},"188":{"start":{"line":351,"column":0},"end":{"line":388,"column":3}},"189":{"start":{"line":352,"column":2},"end":{"line":387,"column":3}},"190":{"start":{"line":353,"column":17},"end":{"line":353,"column":46}},"191":{"start":{"line":354,"column":21},"end":{"line":382,"column":5}},"192":{"start":{"line":383,"column":22},"end":{"line":383,"column":51}},"193":{"start":{"line":384,"column":4},"end":{"line":384,"column":22}},"194":{"start":{"line":386,"column":4},"end":{"line":386,"column":51}},"195":{"start":{"line":390,"column":0},"end":{"line":418,"column":3}},"196":{"start":{"line":391,"column":2},"end":{"line":417,"column":3}},"197":{"start":{"line":392,"column":21},"end":{"line":412,"column":5}},"198":{"start":{"line":413,"column":22},"end":{"line":413,"column":43}},"199":{"start":{"line":414,"column":4},"end":{"line":414,"column":22}},"200":{"start":{"line":416,"column":4},"end":{"line":416,"column":51}},"201":{"start":{"line":420,"column":0},"end":{"line":453,"column":3}},"202":{"start":{"line":421,"column":2},"end":{"line":452,"column":3}},"203":{"start":{"line":422,"column":17},"end":{"line":422,"column":46}},"204":{"start":{"line":423,"column":21},"end":{"line":447,"column":5}},"205":{"start":{"line":448,"column":22},"end":{"line":448,"column":51}},"206":{"start":{"line":449,"column":4},"end":{"line":449,"column":22}},"207":{"start":{"line":451,"column":4},"end":{"line":451,"column":51}},"208":{"start":{"line":455,"column":0},"end":{"line":503,"column":3}},"209":{"start":{"line":456,"column":2},"end":{"line":502,"column":3}},"210":{"start":{"line":457,"column":21},"end":{"line":497,"column":5}},"211":{"start":{"line":498,"column":22},"end":{"line":498,"column":43}},"212":{"start":{"line":499,"column":4},"end":{"line":499,"column":22}},"213":{"start":{"line":501,"column":4},"end":{"line":501,"column":51}},"214":{"start":{"line":505,"column":0},"end":{"line":546,"column":3}},"215":{"start":{"line":506,"column":2},"end":{"line":545,"column":3}},"216":{"start":{"line":507,"column":21},"end":{"line":540,"column":5}},"217":{"start":{"line":541,"column":22},"end":{"line":541,"column":43}},"218":{"start":{"line":542,"column":4},"end":{"line":542,"column":22}},"219":{"start":{"line":544,"column":4},"end":{"line":544,"column":51}},"220":{"start":{"line":549,"column":0},"end":{"line":582,"column":3}},"221":{"start":{"line":550,"column":2},"end":{"line":581,"column":3}},"222":{"start":{"line":551,"column":17},"end":{"line":551,"column":47}},"223":{"start":{"line":552,"column":21},"end":{"line":576,"column":5}},"224":{"start":{"line":577,"column":22},"end":{"line":577,"column":51}},"225":{"start":{"line":578,"column":4},"end":{"line":578,"column":22}},"226":{"start":{"line":580,"column":4},"end":{"line":580,"column":51}},"227":{"start":{"line":584,"column":0},"end":{"line":617,"column":3}},"228":{"start":{"line":585,"column":2},"end":{"line":616,"column":3}},"229":{"start":{"line":586,"column":17},"end":{"line":586,"column":47}},"230":{"start":{"line":587,"column":21},"end":{"line":611,"column":5}},"231":{"start":{"line":612,"column":22},"end":{"line":612,"column":51}},"232":{"start":{"line":613,"column":4},"end":{"line":613,"column":22}},"233":{"start":{"line":615,"column":4},"end":{"line":615,"column":51}},"234":{"start":{"line":619,"column":0},"end":{"line":634,"column":3}},"235":{"start":{"line":620,"column":2},"end":{"line":633,"column":3}},"236":{"start":{"line":621,"column":21},"end":{"line":628,"column":5}},"237":{"start":{"line":629,"column":22},"end":{"line":629,"column":43}},"238":{"start":{"line":630,"column":4},"end":{"line":630,"column":22}},"239":{"start":{"line":632,"column":4},"end":{"line":632,"column":51}},"240":{"start":{"line":636,"column":0},"end":{"line":657,"column":3}},"241":{"start":{"line":637,"column":2},"end":{"line":656,"column":3}},"242":{"start":{"line":638,"column":21},"end":{"line":651,"column":5}},"243":{"start":{"line":652,"column":22},"end":{"line":652,"column":43}},"244":{"start":{"line":653,"column":4},"end":{"line":653,"column":22}},"245":{"start":{"line":655,"column":4},"end":{"line":655,"column":51}},"246":{"start":{"line":659,"column":0},"end":{"line":661,"column":3}},"247":{"start":{"line":660,"column":2},"end":{"line":660,"column":48}}},"fnMap":{"0":{"name":"(anonymous_0)","decl":{"start":{"line":17,"column":14},"end":{"line":17,"column":15}},"loc":{"start":{"line":17,"column":42},"end":{"line":28,"column":1}},"line":17},"1":{"name":"(anonymous_1)","decl":{"start":{"line":20,"column":19},"end":{"line":20,"column":20}},"loc":{"start":{"line":20,"column":29},"end":{"line":22,"column":5}},"line":20},"2":{"name":"(anonymous_2)","decl":{"start":{"line":30,"column":20},"end":{"line":30,"column":21}},"loc":{"start":{"line":30,"column":34},"end":{"line":44,"column":1}},"line":30},"3":{"name":"(anonymous_3)","decl":{"start":{"line":44,"column":9},"end":{"line":44,"column":10}},"loc":{"start":{"line":44,"column":16},"end":{"line":47,"column":1}},"line":44},"4":{"name":"(anonymous_4)","decl":{"start":{"line":49,"column":20},"end":{"line":49,"column":21}},"loc":{"start":{"line":49,"column":34},"end":{"line":51,"column":1}},"line":49},"5":{"name":"(anonymous_5)","decl":{"start":{"line":54,"column":26},"end":{"line":54,"column":27}},"loc":{"start":{"line":54,"column":46},"end":{"line":65,"column":1}},"line":54},"6":{"name":"(anonymous_6)","decl":{"start":{"line":67,"column":25},"end":{"line":67,"column":26}},"loc":{"start":{"line":67,"column":45},"end":{"line":74,"column":1}},"line":67},"7":{"name":"(anonymous_7)","decl":{"start":{"line":76,"column":29},"end":{"line":76,"column":30}},"loc":{"start":{"line":76,"column":49},"end":{"line":86,"column":1}},"line":76},"8":{"name":"(anonymous_8)","decl":{"start":{"line":89,"column":29},"end":{"line":89,"column":30}},"loc":{"start":{"line":89,"column":49},"end":{"line":100,"column":1}},"line":89},"9":{"name":"(anonymous_9)","decl":{"start":{"line":102,"column":28},"end":{"line":102,"column":29}},"loc":{"start":{"line":102,"column":48},"end":{"line":118,"column":1}},"line":102},"10":{"name":"(anonymous_10)","decl":{"start":{"line":121,"column":25},"end":{"line":121,"column":26}},"loc":{"start":{"line":121,"column":45},"end":{"line":132,"column":1}},"line":121},"11":{"name":"(anonymous_11)","decl":{"start":{"line":134,"column":24},"end":{"line":134,"column":25}},"loc":{"start":{"line":134,"column":44},"end":{"line":141,"column":1}},"line":134},"12":{"name":"(anonymous_12)","decl":{"start":{"line":143,"column":28},"end":{"line":143,"column":29}},"loc":{"start":{"line":143,"column":48},"end":{"line":153,"column":1}},"line":143},"13":{"name":"(anonymous_13)","decl":{"start":{"line":156,"column":28},"end":{"line":156,"column":29}},"loc":{"start":{"line":156,"column":48},"end":{"line":168,"column":1}},"line":156},"14":{"name":"(anonymous_14)","decl":{"start":{"line":170,"column":27},"end":{"line":170,"column":28}},"loc":{"start":{"line":170,"column":47},"end":{"line":186,"column":1}},"line":170},"15":{"name":"(anonymous_15)","decl":{"start":{"line":189,"column":27},"end":{"line":189,"column":28}},"loc":{"start":{"line":189,"column":47},"end":{"line":201,"column":1}},"line":189},"16":{"name":"(anonymous_16)","decl":{"start":{"line":203,"column":26},"end":{"line":203,"column":27}},"loc":{"start":{"line":203,"column":46},"end":{"line":219,"column":1}},"line":203},"17":{"name":"(anonymous_17)","decl":{"start":{"line":221,"column":30},"end":{"line":221,"column":31}},"loc":{"start":{"line":221,"column":50},"end":{"line":231,"column":1}},"line":221},"18":{"name":"(anonymous_18)","decl":{"start":{"line":234,"column":28},"end":{"line":234,"column":29}},"loc":{"start":{"line":234,"column":48},"end":{"line":246,"column":1}},"line":234},"19":{"name":"(anonymous_19)","decl":{"start":{"line":248,"column":27},"end":{"line":248,"column":28}},"loc":{"start":{"line":248,"column":47},"end":{"line":255,"column":1}},"line":248},"20":{"name":"(anonymous_20)","decl":{"start":{"line":258,"column":22},"end":{"line":258,"column":23}},"loc":{"start":{"line":258,"column":42},"end":{"line":281,"column":1}},"line":258},"21":{"name":"(anonymous_21)","decl":{"start":{"line":283,"column":21},"end":{"line":283,"column":22}},"loc":{"start":{"line":283,"column":41},"end":{"line":299,"column":1}},"line":283},"22":{"name":"(anonymous_22)","decl":{"start":{"line":301,"column":25},"end":{"line":301,"column":26}},"loc":{"start":{"line":301,"column":45},"end":{"line":311,"column":1}},"line":301},"23":{"name":"(anonymous_23)","decl":{"start":{"line":313,"column":25},"end":{"line":313,"column":26}},"loc":{"start":{"line":313,"column":45},"end":{"line":348,"column":1}},"line":313},"24":{"name":"(anonymous_24)","decl":{"start":{"line":351,"column":49},"end":{"line":351,"column":50}},"loc":{"start":{"line":351,"column":69},"end":{"line":388,"column":1}},"line":351},"25":{"name":"(anonymous_25)","decl":{"start":{"line":390,"column":43},"end":{"line":390,"column":44}},"loc":{"start":{"line":390,"column":63},"end":{"line":418,"column":1}},"line":390},"26":{"name":"(anonymous_26)","decl":{"start":{"line":420,"column":40},"end":{"line":420,"column":41}},"loc":{"start":{"line":420,"column":60},"end":{"line":453,"column":1}},"line":420},"27":{"name":"(anonymous_27)","decl":{"start":{"line":455,"column":50},"end":{"line":455,"column":51}},"loc":{"start":{"line":455,"column":70},"end":{"line":503,"column":1}},"line":455},"28":{"name":"(anonymous_28)","decl":{"start":{"line":505,"column":40},"end":{"line":505,"column":41}},"loc":{"start":{"line":505,"column":60},"end":{"line":546,"column":1}},"line":505},"29":{"name":"(anonymous_29)","decl":{"start":{"line":549,"column":46},"end":{"line":549,"column":47}},"loc":{"start":{"line":549,"column":66},"end":{"line":582,"column":1}},"line":549},"30":{"name":"(anonymous_30)","decl":{"start":{"line":584,"column":48},"end":{"line":584,"column":49}},"loc":{"start":{"line":584,"column":68},"end":{"line":617,"column":1}},"line":584},"31":{"name":"(anonymous_31)","decl":{"start":{"line":619,"column":47},"end":{"line":619,"column":48}},"loc":{"start":{"line":619,"column":67},"end":{"line":634,"column":1}},"line":619},"32":{"name":"(anonymous_32)","decl":{"start":{"line":636,"column":49},"end":{"line":636,"column":50}},"loc":{"start":{"line":636,"column":69},"end":{"line":657,"column":1}},"line":636},"33":{"name":"(anonymous_33)","decl":{"start":{"line":659,"column":17},"end":{"line":659,"column":18}},"loc":{"start":{"line":659,"column":23},"end":{"line":661,"column":1}},"line":659}},"branchMap":{"0":{"loc":{"start":{"line":6,"column":17},"end":{"line":6,"column":79}},"type":"cond-expr","locations":[{"start":{"line":6,"column":31},"end":{"line":6,"column":55}},{"start":{"line":6,"column":58},"end":{"line":6,"column":79}}],"line":6},"1":{"loc":{"start":{"line":10,"column":13},"end":{"line":10,"column":37}},"type":"binary-expr","locations":[{"start":{"line":10,"column":13},"end":{"line":10,"column":29}},{"start":{"line":10,"column":33},"end":{"line":10,"column":37}}],"line":10},"2":{"loc":{"start":{"line":17,"column":26},"end":{"line":17,"column":37}},"type":"default-arg","locations":[{"start":{"line":17,"column":35},"end":{"line":17,"column":37}}],"line":17},"3":{"loc":{"start":{"line":18,"column":2},"end":{"line":27,"column":3}},"type":"if","locations":[{"start":{"line":18,"column":2},"end":{"line":27,"column":3}},{"start":{"line":25,"column":9},"end":{"line":27,"column":3}}],"line":18},"4":{"loc":{"start":{"line":32,"column":37},"end":{"line":32,"column":74}},"type":"cond-expr","locations":[{"start":{"line":32,"column":51},"end":{"line":32,"column":63}},{"start":{"line":32,"column":66},"end":{"line":32,"column":74}}],"line":32},"5":{"loc":{"start":{"line":34,"column":2},"end":{"line":43,"column":3}},"type":"if","locations":[{"start":{"line":34,"column":2},"end":{"line":43,"column":3}},{"start":{},"end":{}}],"line":34},"6":{"loc":{"start":{"line":37,"column":27},"end":{"line":37,"column":91}},"type":"cond-expr","locations":[{"start":{"line":37,"column":41},"end":{"line":37,"column":66}},{"start":{"line":37,"column":69},"end":{"line":37,"column":91}}],"line":37},"7":{"loc":{"start":{"line":59,"column":48},"end":{"line":59,"column":66}},"type":"binary-expr","locations":[{"start":{"line":59,"column":48},"end":{"line":59,"column":54}},{"start":{"line":59,"column":58},"end":{"line":59,"column":66}}],"line":59},"8":{"loc":{"start":{"line":79,"column":4},"end":{"line":81,"column":5}},"type":"if","locations":[{"start":{"line":79,"column":4},"end":{"line":81,"column":5}},{"start":{},"end":{}}],"line":79},"9":{"loc":{"start":{"line":108,"column":4},"end":{"line":111,"column":5}},"type":"if","locations":[{"start":{"line":108,"column":4},"end":{"line":111,"column":5}},{"start":{},"end":{}}],"line":108},"10":{"loc":{"start":{"line":146,"column":4},"end":{"line":148,"column":5}},"type":"if","locations":[{"start":{"line":146,"column":4},"end":{"line":148,"column":5}},{"start":{},"end":{}}],"line":146},"11":{"loc":{"start":{"line":176,"column":4},"end":{"line":179,"column":5}},"type":"if","locations":[{"start":{"line":176,"column":4},"end":{"line":179,"column":5}},{"start":{},"end":{}}],"line":176},"12":{"loc":{"start":{"line":194,"column":80},"end":{"line":194,"column":100}},"type":"binary-expr","locations":[{"start":{"line":194,"column":80},"end":{"line":194,"column":88}},{"start":{"line":194,"column":92},"end":{"line":194,"column":100}}],"line":194},"13":{"loc":{"start":{"line":209,"column":4},"end":{"line":212,"column":5}},"type":"if","locations":[{"start":{"line":209,"column":4},"end":{"line":212,"column":5}},{"start":{},"end":{}}],"line":209},"14":{"loc":{"start":{"line":224,"column":4},"end":{"line":226,"column":5}},"type":"if","locations":[{"start":{"line":224,"column":4},"end":{"line":226,"column":5}},{"start":{},"end":{}}],"line":224},"15":{"loc":{"start":{"line":265,"column":26},"end":{"line":265,"column":71}},"type":"cond-expr","locations":[{"start":{"line":265,"column":40},"end":{"line":265,"column":64}},{"start":{"line":265,"column":67},"end":{"line":265,"column":71}}],"line":265},"16":{"loc":{"start":{"line":272,"column":46},"end":{"line":272,"column":61}},"type":"binary-expr","locations":[{"start":{"line":272,"column":46},"end":{"line":272,"column":52}},{"start":{"line":272,"column":56},"end":{"line":272,"column":61}}],"line":272},"17":{"loc":{"start":{"line":273,"column":7},"end":{"line":273,"column":27}},"type":"binary-expr","locations":[{"start":{"line":273,"column":7},"end":{"line":273,"column":11}},{"start":{"line":273,"column":15},"end":{"line":273,"column":27}}],"line":273},"18":{"loc":{"start":{"line":289,"column":4},"end":{"line":292,"column":5}},"type":"if","locations":[{"start":{"line":289,"column":4},"end":{"line":292,"column":5}},{"start":{},"end":{}}],"line":289},"19":{"loc":{"start":{"line":304,"column":4},"end":{"line":306,"column":5}},"type":"if","locations":[{"start":{"line":304,"column":4},"end":{"line":306,"column":5}},{"start":{},"end":{}}],"line":304},"20":{"loc":{"start":{"line":322,"column":6},"end":{"line":335,"column":7}},"type":"if","locations":[{"start":{"line":322,"column":6},"end":{"line":335,"column":7}},{"start":{},"end":{}}],"line":322},"21":{"loc":{"start":{"line":326,"column":8},"end":{"line":329,"column":9}},"type":"if","locations":[{"start":{"line":326,"column":8},"end":{"line":329,"column":9}},{"start":{},"end":{}}],"line":326},"22":{"loc":{"start":{"line":326,"column":12},"end":{"line":326,"column":42}},"type":"binary-expr","locations":[{"start":{"line":326,"column":12},"end":{"line":326,"column":33}},{"start":{"line":326,"column":37},"end":{"line":326,"column":42}}],"line":326},"23":{"loc":{"start":{"line":331,"column":8},"end":{"line":334,"column":9}},"type":"if","locations":[{"start":{"line":331,"column":8},"end":{"line":334,"column":9}},{"start":{},"end":{}}],"line":331},"24":{"loc":{"start":{"line":331,"column":12},"end":{"line":331,"column":76}},"type":"binary-expr","locations":[{"start":{"line":331,"column":12},"end":{"line":331,"column":28}},{"start":{"line":331,"column":33},"end":{"line":331,"column":51}},{"start":{"line":331,"column":55},"end":{"line":331,"column":75}}],"line":331},"25":{"loc":{"start":{"line":338,"column":4},"end":{"line":341,"column":5}},"type":"if","locations":[{"start":{"line":338,"column":4},"end":{"line":341,"column":5}},{"start":{},"end":{}}],"line":338},"26":{"loc":{"start":{"line":353,"column":17},"end":{"line":353,"column":46}},"type":"binary-expr","locations":[{"start":{"line":353,"column":17},"end":{"line":353,"column":41}},{"start":{"line":353,"column":45},"end":{"line":353,"column":46}}],"line":353},"27":{"loc":{"start":{"line":354,"column":21},"end":{"line":382,"column":5}},"type":"cond-expr","locations":[{"start":{"line":354,"column":35},"end":{"line":368,"column":5}},{"start":{"line":368,"column":8},"end":{"line":382,"column":5}}],"line":354},"28":{"loc":{"start":{"line":422,"column":17},"end":{"line":422,"column":46}},"type":"binary-expr","locations":[{"start":{"line":422,"column":17},"end":{"line":422,"column":41}},{"start":{"line":422,"column":45},"end":{"line":422,"column":46}}],"line":422},"29":{"loc":{"start":{"line":423,"column":21},"end":{"line":447,"column":5}},"type":"cond-expr","locations":[{"start":{"line":423,"column":35},"end":{"line":435,"column":5}},{"start":{"line":435,"column":8},"end":{"line":447,"column":5}}],"line":423},"30":{"loc":{"start":{"line":457,"column":21},"end":{"line":497,"column":5}},"type":"cond-expr","locations":[{"start":{"line":457,"column":35},"end":{"line":477,"column":5}},{"start":{"line":477,"column":8},"end":{"line":497,"column":5}}],"line":457},"31":{"loc":{"start":{"line":551,"column":17},"end":{"line":551,"column":47}},"type":"binary-expr","locations":[{"start":{"line":551,"column":17},"end":{"line":551,"column":41}},{"start":{"line":551,"column":45},"end":{"line":551,"column":47}}],"line":551},"32":{"loc":{"start":{"line":552,"column":21},"end":{"line":576,"column":5}},"type":"cond-expr","locations":[{"start":{"line":552,"column":35},"end":{"line":564,"column":5}},{"start":{"line":564,"column":8},"end":{"line":576,"column":5}}],"line":552},"33":{"loc":{"start":{"line":586,"column":17},"end":{"line":586,"column":47}},"type":"binary-expr","locations":[{"start":{"line":586,"column":17},"end":{"line":586,"column":41}},{"start":{"line":586,"column":45},"end":{"line":586,"column":47}}],"line":586},"34":{"loc":{"start":{"line":587,"column":21},"end":{"line":611,"column":5}},"type":"cond-expr","locations":[{"start":{"line":587,"column":35},"end":{"line":599,"column":5}},{"start":{"line":599,"column":8},"end":{"line":611,"column":5}}],"line":587}},"s":{"0":0,"1":0,"2":0,"3":0,"4":0,"5":0,"6":0,"7":0,"8":0,"9":0,"10":0,"11":0,"12":0,"13":0,"14":0,"15":0,"16":0,"17":0,"18":0,"19":0,"20":0,"21":0,"22":0,"23":0,"24":0,"25":0,"26":0,"27":0,"28":0,"29":0,"30":0,"31":0,"32":0,"33":0,"34":0,"35":0,"36":0,"37":0,"38":0,"39":0,"40":0,"41":0,"42":0,"43":0,"44":0,"45":0,"46":0,"47":0,"48":0,"49":0,"50":0,"51":0,"52":0,"53":0,"54":0,"55":0,"56":0,"57":0,"58":0,"59":0,"60":0,"61":0,"62":0,"63":0,"64":0,"65":0,"66":0,"67":0,"68":0,"69":0,"70":0,"71":0,"72":0,"73":0,"74":0,"75":0,"76":0,"77":0,"78":0,"79":0,"80":0,"81":0,"82":0,"83":0,"84":0,"85":0,"86":0,"87":0,"88":0,"89":0,"90":0,"91":0,"92":0,"93":0,"94":0,"95":0,"96":0,"97":0,"98":0,"99":0,"100":0,"101":0,"102":0,"103":0,"104":0,"105":0,"106":0,"107":0,"108":0,"109":0,"110":0,"111":0,"112":0,"113":0,"114":0,"115":0,"116":0,"117":0,"118":0,"119":0,"120":0,"121":0,"122":0,"123":0,"124":0,"125":0,"126":0,"127":0,"128":0,"129":0,"130":0,"131":0,"132":0,"133":0,"134":0,"135":0,"136":0,"137":0,"138":0,"139":0,"140":0,"141":0,"142":0,"143":0,"144":0,"145":0,"146":0,"147":0,"148":0,"149":0,"150":0,"151":0,"152":0,"153":0,"154":0,"155":0,"156":0,"157":0,"158":0,"159":0,"160":0,"161":0,"162":0,"163":0,"164":0,"165":0,"166":0,"167":0,"168":0,"169":0,"170":0,"171":0,"172":0,"173":0,"174":0,"175":0,"176":0,"177":0,"178":0,"179":0,"180":0,"181":0,"182":0,"183":0,"184":0,"185":0,"186":0,"187":0,"188":0,"189":0,"190":0,"191":0,"192":0,"193":0,"194":0,"195":0,"196":0,"197":0,"198":0,"199":0,"200":0,"201":0,"202":0,"203":0,"204":0,"205":0,"206":0,"207":0,"208":0,"209":0,"210":0,"211":0,"212":0,"213":0,"214":0,"215":0,"216":0,"217":0,"218":0,"219":0,"220":0,"221":0,"222":0,"223":0,"224":0,"225":0,"226":0,"227":0,"228":0,"229":0,"230":0,"231":0,"232":0,"233":0,"234":0,"235":0,"236":0,"237":0,"238":0,"239":0,"240":0,"241":0,"242":0,"243":0,"244":0,"245":0,"246":0,"247":0},"f":{"0":0,"1":0,"2":0,"3":0,"4":0,"5":0,"6":0,"7":0,"8":0,"9":0,"10":0,"11":0,"12":0,"13":0,"14":0,"15":0,"16":0,"17":0,"18":0,"19":0,"20":0,"21":0,"22":0,"23":0,"24":0,"25":0,"26":0,"27":0,"28":0,"29":0,"30":0,"31":0,"32":0,"33":0},"b":{"0":[0,0],"1":[0,0],"2":[0],"3":[0,0],"4":[0,0],"5":[0,0],"6":[0,0],"7":[0,0],"8":[0,0],"9":[0,0],"10":[0,0],"11":[0,0],"12":[0,0],"13":[0,0],"14":[0,0],"15":[0,0],"16":[0,0],"17":[0,0],"18":[0,0],"19":[0,0],"20":[0,0],"21":[0,0],"22":[0,0],"23":[0,0],"24":[0,0,0],"25":[0,0],"26":[0,0],"27":[0,0],"28":[0,0],"29":[0,0],"30":[0,0],"31":[0,0],"32":[0,0],"33":[0,0],"34":[0,0]}}
,"/home/ubuntu/test-management-system/backend/src/server.js": {"path":"/home/ubuntu/test-management-system/backend/src/server.js","statementMap":{"0":{"start":{"line":1,"column":16},"end":{"line":1,"column":34}},"1":{"start":{"line":2,"column":13},"end":{"line":2,"column":28}},"2":{"start":{"line":3,"column":0},"end":{"line":3,"column":27}},"3":{"start":{"line":5,"column":25},"end":{"line":5,"column":53}},"4":{"start":{"line":6,"column":15},"end":{"line":6,"column":34}},"5":{"start":{"line":8,"column":12},"end":{"line":8,"column":21}},"6":{"start":{"line":9,"column":13},"end":{"line":9,"column":37}},"7":{"start":{"line":11,"column":0},"end":{"line":11,"column":16}},"8":{"start":{"line":12,"column":0},"end":{"line":12,"column":24}},"9":{"start":{"line":14,"column":0},"end":{"line":16,"column":3}},"10":{"start":{"line":15,"column":2},"end":{"line":15,"column":53}},"11":{"start":{"line":18,"column":0},"end":{"line":18,"column":24}},"12":{"start":{"line":20,"column":0},"end":{"line":26,"column":3}},"13":{"start":{"line":21,"column":2},"end":{"line":21,"column":31}},"14":{"start":{"line":22,"column":2},"end":{"line":25,"column":5}},"15":{"start":{"line":28,"column":0},"end":{"line":44,"column":5}},"16":{"start":{"line":30,"column":4},"end":{"line":34,"column":5}},"17":{"start":{"line":31,"column":27},"end":{"line":31,"column":48}},"18":{"start":{"line":32,"column":6},"end":{"line":32,"column":23}},"19":{"start":{"line":33,"column":6},"end":{"line":33,"column":52}},"20":{"start":{"line":36,"column":4},"end":{"line":39,"column":7}},"21":{"start":{"line":37,"column":6},"end":{"line":37,"column":54}},"22":{"start":{"line":38,"column":6},"end":{"line":38,"column":77}},"23":{"start":{"line":42,"column":4},"end":{"line":42,"column":48}},"24":{"start":{"line":43,"column":4},"end":{"line":43,"column":20}},"25":{"start":{"line":46,"column":0},"end":{"line":46,"column":21}}},"fnMap":{"0":{"name":"(anonymous_0)","decl":{"start":{"line":14,"column":20},"end":{"line":14,"column":21}},"loc":{"start":{"line":14,"column":34},"end":{"line":16,"column":1}},"line":14},"1":{"name":"(anonymous_1)","decl":{"start":{"line":20,"column":8},"end":{"line":20,"column":9}},"loc":{"start":{"line":20,"column":33},"end":{"line":26,"column":1}},"line":20},"2":{"name":"(anonymous_2)","decl":{"start":{"line":29,"column":8},"end":{"line":29,"column":9}},"loc":{"start":{"line":29,"column":20},"end":{"line":40,"column":3}},"line":29},"3":{"name":"(anonymous_3)","decl":{"start":{"line":36,"column":21},"end":{"line":36,"column":22}},"loc":{"start":{"line":36,"column":27},"end":{"line":39,"column":5}},"line":36},"4":{"name":"(anonymous_4)","decl":{"start":{"line":41,"column":9},"end":{"line":41,"column":10}},"loc":{"start":{"line":41,"column":16},"end":{"line":44,"column":3}},"line":41}},"branchMap":{"0":{"loc":{"start":{"line":9,"column":13},"end":{"line":9,"column":37}},"type":"binary-expr","locations":[{"start":{"line":9,"column":13},"end":{"line":9,"column":29}},{"start":{"line":9,"column":33},"end":{"line":9,"column":37}}],"line":9},"1":{"loc":{"start":{"line":23,"column":11},"end":{"line":23,"column":49}},"type":"binary-expr","locations":[{"start":{"line":23,"column":11},"end":{"line":23,"column":22}},{"start":{"line":23,"column":26},"end":{"line":23,"column":49}}],"line":23},"2":{"loc":{"start":{"line":24,"column":8},"end":{"line":24,"column":70}},"type":"binary-expr","locations":[{"start":{"line":24,"column":8},"end":{"line":24,"column":46}},{"start":{"line":24,"column":50},"end":{"line":24,"column":70}}],"line":24},"3":{"loc":{"start":{"line":30,"column":4},"end":{"line":34,"column":5}},"type":"if","locations":[{"start":{"line":30,"column":4},"end":{"line":34,"column":5}},{"start":{},"end":{}}],"line":30},"4":{"loc":{"start":{"line":38,"column":36},"end":{"line":38,"column":73}},"type":"binary-expr","locations":[{"start":{"line":38,"column":36},"end":{"line":38,"column":56}},{"start":{"line":38,"column":60},"end":{"line":38,"column":73}}],"line":38}},"s":{"0":0,"1":0,"2":0,"3":0,"4":0,"5":0,"6":0,"7":0,"8":0,"9":0,"10":0,"11":0,"12":0,"13":0,"14":0,"15":0,"16":0,"17":0,"18":0,"19":0,"20":0,"21":0,"22":0,"23":0,"24":0,"25":0},"f":{"0":0,"1":0,"2":0,"3":0,"4":0},"b":{"0":[0,0],"1":[0,0],"2":[0,0],"3":[0,0],"4":[0,0]}}
,"/home/ubuntu/test-management-system/backend/src/config/database.js": {"path":"/home/ubuntu/test-management-system/backend/src/config/database.js","statementMap":{"0":{"start":{"line":1,"column":17},"end":{"line":1,"column":30}},"1":{"start":{"line":2,"column":0},"end":{"line":2,"column":27}},"2":{"start":{"line":4,"column":13},"end":{"line":7,"column":2}},"3":{"start":{"line":9,"column":0},"end":{"line":11,"column":3}},"4":{"start":{"line":10,"column":2},"end":{"line":10,"column":52}},"5":{"start":{"line":13,"column":0},"end":{"line":16,"column":3}},"6":{"start":{"line":14,"column":2},"end":{"line":14,"column":51}},"7":{"start":{"line":15,"column":2},"end":{"line":15,"column":19}},"8":{"start":{"line":18,"column":21},"end":{"line":125,"column":1}},"9":{"start":{"line":19,"column":17},"end":{"line":19,"column":37}},"10":{"start":{"line":20,"column":2},"end":{"line":124,"column":3}},"11":{"start":{"line":21,"column":4},"end":{"line":31,"column":7}},"12":{"start":{"line":33,"column":4},"end":{"line":41,"column":7}},"13":{"start":{"line":43,"column":4},"end":{"line":52,"column":7}},"14":{"start":{"line":54,"column":4},"end":{"line":63,"column":7}},"15":{"start":{"line":65,"column":4},"end":{"line":78,"column":7}},"16":{"start":{"line":80,"column":4},"end":{"line":89,"column":7}},"17":{"start":{"line":91,"column":4},"end":{"line":111,"column":7}},"18":{"start":{"line":113,"column":4},"end":{"line":119,"column":7}},"19":{"start":{"line":121,"column":4},"end":{"line":121,"column":58}},"20":{"start":{"line":123,"column":4},"end":{"line":123,"column":21}},"21":{"start":{"line":127,"column":0},"end":{"line":131,"column":2}},"22":{"start":{"line":130,"column":27},"end":{"line":130,"column":51}}},"fnMap":{"0":{"name":"(anonymous_0)","decl":{"start":{"line":9,"column":19},"end":{"line":9,"column":20}},"loc":{"start":{"line":9,"column":25},"end":{"line":11,"column":1}},"line":9},"1":{"name":"(anonymous_1)","decl":{"start":{"line":13,"column":17},"end":{"line":13,"column":18}},"loc":{"start":{"line":13,"column":26},"end":{"line":16,"column":1}},"line":13},"2":{"name":"(anonymous_2)","decl":{"start":{"line":18,"column":21},"end":{"line":18,"column":22}},"loc":{"start":{"line":18,"column":33},"end":{"line":125,"column":1}},"line":18},"3":{"name":"(anonymous_3)","decl":{"start":{"line":130,"column":9},"end":{"line":130,"column":10}},"loc":{"start":{"line":130,"column":27},"end":{"line":130,"column":51}},"line":130}},"branchMap":{"0":{"loc":{"start":{"line":5,"column":20},"end":{"line":5,"column":93}},"type":"binary-expr","locations":[{"start":{"line":5,"column":20},"end":{"line":5,"column":44}},{"start":{"line":5,"column":48},"end":{"line":5,"column":93}}],"line":5},"1":{"loc":{"start":{"line":6,"column":7},"end":{"line":6,"column":71}},"type":"cond-expr","locations":[{"start":{"line":6,"column":34},"end":{"line":6,"column":63}},{"start":{"line":6,"column":66},"end":{"line":6,"column":71}}],"line":6}},"s":{"0":0,"1":0,"2":0,"3":0,"4":0,"5":0,"6":0,"7":0,"8":0,"9":0,"10":0,"11":0,"12":0,"13":0,"14":0,"15":0,"16":0,"17":0,"18":0,"19":0,"20":0,"21":0,"22":0},"f":{"0":0,"1":0,"2":0,"3":0},"b":{"0":[0,0],"1":[0,0]}}
,"/home/ubuntu/test-management-system/backend/src/models/Bug.js": {"path":"/home/ubuntu/test-management-system/backend/src/models/Bug.js","statementMap":{"0":{"start":{"line":1,"column":11},"end":{"line":1,"column":40}},"1":{"start":{"line":8,"column":8},"end":{"line":8,"column":12}},"2":{"start":{"line":10,"column":26},"end":{"line":10,"column":57}},"3":{"start":{"line":12,"column":19},"end":{"line":19,"column":5}},"4":{"start":{"line":20,"column":4},"end":{"line":20,"column":26}},"5":{"start":{"line":24,"column":16},"end":{"line":24,"column":36}},"6":{"start":{"line":25,"column":19},"end":{"line":25,"column":21}},"7":{"start":{"line":26,"column":23},"end":{"line":26,"column":25}},"8":{"start":{"line":28,"column":4},"end":{"line":31,"column":5}},"9":{"start":{"line":29,"column":6},"end":{"line":29,"column":60}},"10":{"start":{"line":30,"column":6},"end":{"line":30,"column":38}},"11":{"start":{"line":33,"column":4},"end":{"line":35,"column":5}},"12":{"start":{"line":34,"column":6},"end":{"line":34,"column":52}},"13":{"start":{"line":37,"column":4},"end":{"line":37,"column":46}},"14":{"start":{"line":39,"column":19},"end":{"line":39,"column":48}},"15":{"start":{"line":40,"column":4},"end":{"line":40,"column":23}},"16":{"start":{"line":44,"column":19},"end":{"line":44,"column":79}},"17":{"start":{"line":45,"column":4},"end":{"line":45,"column":26}},"18":{"start":{"line":49,"column":19},"end":{"line":49,"column":21}},"19":{"start":{"line":50,"column":19},"end":{"line":50,"column":21}},"20":{"start":{"line":51,"column":21},"end":{"line":51,"column":22}},"21":{"start":{"line":53,"column":4},"end":{"line":71,"column":5}},"22":{"start":{"line":54,"column":6},"end":{"line":70,"column":7}},"23":{"start":{"line":55,"column":8},"end":{"line":55,"column":47}},"24":{"start":{"line":56,"column":8},"end":{"line":56,"column":27}},"25":{"start":{"line":57,"column":8},"end":{"line":57,"column":21}},"26":{"start":{"line":59,"column":8},"end":{"line":63,"column":9}},"27":{"start":{"line":60,"column":10},"end":{"line":60,"column":56}},"28":{"start":{"line":61,"column":10},"end":{"line":61,"column":34}},"29":{"start":{"line":62,"column":10},"end":{"line":62,"column":23}},"30":{"start":{"line":65,"column":8},"end":{"line":69,"column":9}},"31":{"start":{"line":66,"column":10},"end":{"line":66,"column":58}},"32":{"start":{"line":67,"column":10},"end":{"line":67,"column":34}},"33":{"start":{"line":68,"column":10},"end":{"line":68,"column":23}},"34":{"start":{"line":73,"column":4},"end":{"line":73,"column":41}},"35":{"start":{"line":73,"column":29},"end":{"line":73,"column":41}},"36":{"start":{"line":75,"column":4},"end":{"line":75,"column":20}},"37":{"start":{"line":76,"column":19},"end":{"line":79,"column":5}},"38":{"start":{"line":80,"column":4},"end":{"line":80,"column":26}},"39":{"start":{"line":84,"column":0},"end":{"line":84,"column":21}}},"fnMap":{"0":{"name":"(anonymous_0)","decl":{"start":{"line":4,"column":2},"end":{"line":4,"column":3}},"loc":{"start":{"line":4,"column":28},"end":{"line":21,"column":3}},"line":4},"1":{"name":"(anonymous_1)","decl":{"start":{"line":23,"column":2},"end":{"line":23,"column":3}},"loc":{"start":{"line":23,"column":37},"end":{"line":41,"column":3}},"line":23},"2":{"name":"(anonymous_2)","decl":{"start":{"line":43,"column":2},"end":{"line":43,"column":3}},"loc":{"start":{"line":43,"column":28},"end":{"line":46,"column":3}},"line":43},"3":{"name":"(anonymous_3)","decl":{"start":{"line":48,"column":2},"end":{"line":48,"column":3}},"loc":{"start":{"line":48,"column":32},"end":{"line":81,"column":3}},"line":48}},"branchMap":{"0":{"loc":{"start":{"line":10,"column":26},"end":{"line":10,"column":57}},"type":"cond-expr","locations":[{"start":{"line":10,"column":40},"end":{"line":10,"column":50}},{"start":{"line":10,"column":53},"end":{"line":10,"column":57}}],"line":10},"1":{"loc":{"start":{"line":17,"column":46},"end":{"line":17,"column":61}},"type":"binary-expr","locations":[{"start":{"line":17,"column":46},"end":{"line":17,"column":52}},{"start":{"line":17,"column":56},"end":{"line":17,"column":61}}],"line":17},"2":{"loc":{"start":{"line":18,"column":7},"end":{"line":18,"column":27}},"type":"binary-expr","locations":[{"start":{"line":18,"column":7},"end":{"line":18,"column":11}},{"start":{"line":18,"column":15},"end":{"line":18,"column":27}}],"line":18},"3":{"loc":{"start":{"line":23,"column":23},"end":{"line":23,"column":35}},"type":"default-arg","locations":[{"start":{"line":23,"column":33},"end":{"line":23,"column":35}}],"line":23},"4":{"loc":{"start":{"line":28,"column":4},"end":{"line":31,"column":5}},"type":"if","locations":[{"start":{"line":28,"column":4},"end":{"line":31,"column":5}},{"start":{},"end":{}}],"line":28},"5":{"loc":{"start":{"line":33,"column":4},"end":{"line":35,"column":5}},"type":"if","locations":[{"start":{"line":33,"column":4},"end":{"line":35,"column":5}},{"start":{},"end":{}}],"line":33},"6":{"loc":{"start":{"line":54,"column":6},"end":{"line":70,"column":7}},"type":"if","locations":[{"start":{"line":54,"column":6},"end":{"line":70,"column":7}},{"start":{},"end":{}}],"line":54},"7":{"loc":{"start":{"line":59,"column":8},"end":{"line":63,"column":9}},"type":"if","locations":[{"start":{"line":59,"column":8},"end":{"line":63,"column":9}},{"start":{},"end":{}}],"line":59},"8":{"loc":{"start":{"line":59,"column":12},"end":{"line":59,"column":42}},"type":"binary-expr","locations":[{"start":{"line":59,"column":12},"end":{"line":59,"column":33}},{"start":{"line":59,"column":37},"end":{"line":59,"column":42}}],"line":59},"9":{"loc":{"start":{"line":65,"column":8},"end":{"line":69,"column":9}},"type":"if","locations":[{"start":{"line":65,"column":8},"end":{"line":69,"column":9}},{"start":{},"end":{}}],"line":65},"10":{"loc":{"start":{"line":65,"column":12},"end":{"line":65,"column":76}},"type":"binary-expr","locations":[{"start":{"line":65,"column":12},"end":{"line":65,"column":28}},{"start":{"line":65,"column":33},"end":{"line":65,"column":51}},{"start":{"line":65,"column":55},"end":{"line":65,"column":75}}],"line":65},"11":{"loc":{"start":{"line":73,"column":4},"end":{"line":73,"column":41}},"type":"if","locations":[{"start":{"line":73,"column":4},"end":{"line":73,"column":41}},{"start":{},"end":{}}],"line":73}},"s":{"0":0,"1":0,"2":0,"3":0,"4":0,"5":0,"6":0,"7":0,"8":0,"9":0,"10":0,"11":0,"12":0,"13":0,"14":0,"15":0,"16":0,"17":0,"18":0,"19":0,"20":0,"21":0,"22":0,"23":0,"24":0,"25":0,"26":0,"27":0,"28":0,"29":0,"30":0,"31":0,"32":0,"33":0,"34":0,"35":0,"36":0,"37":0,"38":0,"39":0},"f":{"0":0,"1":0,"2":0,"3":0},"b":{"0":[0,0],"1":[0,0],"2":[0,0],"3":[0],"4":[0,0],"5":[0,0],"6":[0,0],"7":[0,0],"8":[0,0],"9":[0,0],"10":[0,0,0],"11":[0,0]}}
,"/home/ubuntu/test-management-system/backend/src/models/Project.js": {"path":"/home/ubuntu/test-management-system/backend/src/models/Project.js","statementMap":{"0":{"start":{"line":1,"column":11},"end":{"line":1,"column":40}},"1":{"start":{"line":5,"column":64},"end":{"line":5,"column":68}},"2":{"start":{"line":6,"column":19},"end":{"line":9,"column":5}},"3":{"start":{"line":10,"column":4},"end":{"line":10,"column":26}},"4":{"start":{"line":14,"column":19},"end":{"line":14,"column":84}},"5":{"start":{"line":15,"column":4},"end":{"line":15,"column":23}},"6":{"start":{"line":19,"column":19},"end":{"line":19,"column":87}},"7":{"start":{"line":20,"column":4},"end":{"line":20,"column":26}},"8":{"start":{"line":24,"column":19},"end":{"line":24,"column":21}},"9":{"start":{"line":25,"column":19},"end":{"line":25,"column":21}},"10":{"start":{"line":26,"column":21},"end":{"line":26,"column":22}},"11":{"start":{"line":28,"column":4},"end":{"line":34,"column":5}},"12":{"start":{"line":29,"column":6},"end":{"line":33,"column":7}},"13":{"start":{"line":30,"column":8},"end":{"line":30,"column":47}},"14":{"start":{"line":31,"column":8},"end":{"line":31,"column":27}},"15":{"start":{"line":32,"column":8},"end":{"line":32,"column":21}},"16":{"start":{"line":36,"column":4},"end":{"line":36,"column":41}},"17":{"start":{"line":36,"column":29},"end":{"line":36,"column":41}},"18":{"start":{"line":38,"column":4},"end":{"line":38,"column":20}},"19":{"start":{"line":39,"column":19},"end":{"line":42,"column":5}},"20":{"start":{"line":43,"column":4},"end":{"line":43,"column":26}},"21":{"start":{"line":47,"column":4},"end":{"line":47,"column":71}},"22":{"start":{"line":48,"column":4},"end":{"line":48,"column":16}},"23":{"start":{"line":52,"column":0},"end":{"line":52,"column":25}}},"fnMap":{"0":{"name":"(anonymous_0)","decl":{"start":{"line":4,"column":2},"end":{"line":4,"column":3}},"loc":{"start":{"line":4,"column":28},"end":{"line":11,"column":3}},"line":4},"1":{"name":"(anonymous_1)","decl":{"start":{"line":13,"column":2},"end":{"line":13,"column":3}},"loc":{"start":{"line":13,"column":25},"end":{"line":16,"column":3}},"line":13},"2":{"name":"(anonymous_2)","decl":{"start":{"line":18,"column":2},"end":{"line":18,"column":3}},"loc":{"start":{"line":18,"column":28},"end":{"line":21,"column":3}},"line":18},"3":{"name":"(anonymous_3)","decl":{"start":{"line":23,"column":2},"end":{"line":23,"column":3}},"loc":{"start":{"line":23,"column":32},"end":{"line":44,"column":3}},"line":23},"4":{"name":"(anonymous_4)","decl":{"start":{"line":46,"column":2},"end":{"line":46,"column":3}},"loc":{"start":{"line":46,"column":26},"end":{"line":49,"column":3}},"line":46}},"branchMap":{"0":{"loc":{"start":{"line":8,"column":48},"end":{"line":8,"column":66}},"type":"binary-expr","locations":[{"start":{"line":8,"column":48},"end":{"line":8,"column":54}},{"start":{"line":8,"column":58},"end":{"line":8,"column":66}}],"line":8},"1":{"loc":{"start":{"line":29,"column":6},"end":{"line":33,"column":7}},"type":"if","locations":[{"start":{"line":29,"column":6},"end":{"line":33,"column":7}},{"start":{},"end":{}}],"line":29},"2":{"loc":{"start":{"line":36,"column":4},"end":{"line":36,"column":41}},"type":"if","locations":[{"start":{"line":36,"column":4},"end":{"line":36,"column":41}},{"start":{},"end":{}}],"line":36}},"s":{"0":0,"1":0,"2":0,"3":0,"4":0,"5":0,"6":0,"7":0,"8":0,"9":0,"10":0,"11":0,"12":0,"13":0,"14":0,"15":0,"16":0,"17":0,"18":0,"19":0,"20":0,"21":0,"22":0,"23":0},"f":{"0":0,"1":0,"2":0,"3":0,"4":0},"b":{"0":[0,0],"1":[0,0],"2":[0,0]}}
}
